<component name="libraryTable">
  <library name="junit-4.13.1">
    <CLASSES>
      <root url="jar://$PROJECT_DIR$/lib/src/lib/jar/hamcrest-core-1.3.jar!/" />
      <root url="jar://$PROJECT_DIR$/lib/src/lib/jar/junit-4.13.1.jar!/" />
    </CLASSES>
    <JAVADOC />
    <SOURCES />
  </library>
</component>